<?xml version="1.0" encoding="UTF-8"?>
<testsuite xmlns:xsi="http://www.w3.org/2001/XMLSchema-instance" xsi:noNamespaceSchemaLocation="https://maven.apache.org/surefire/maven-surefire-plugin/xsd/surefire-test-report.xsd" name="wordcounter.WordCounterTest" time="0.017" tests="11" errors="0" skipped="0" failures="0">
  <properties>
[...]
</properties>
  <testcase name="test_with_comma_number" classname="wordcounter.WordCounterTest" time="0.005"/>
  <testcase name="test_string_with_period_and_comma" classname="wordcounter.WordCounterTest" time="0"/>
  <testcase name="test_with_number_inside_sentence" classname="wordcounter.WordCounterTest" time="0.001"/>
  <testcase name="test_string_with_period" classname="wordcounter.WordCounterTest" time="0"/>
  <testcase name="test_string_with_apostrophe" classname="wordcounter.WordCounterTest" time="0"/>
  <testcase name="test_with_number_at_end_of_sentence" classname="wordcounter.WordCounterTest" time="0.001"/>
  <testcase name="test_string_with_exclamation_semicolon" classname="wordcounter.WordCounterTest" time="0.002"/>
  <testcase name="test_with_decimal_number" classname="wordcounter.WordCounterTest" time="0"/>
  <testcase name="test_with_hyphenated_word" classname="wordcounter.WordCounterTest" time="0"/>
  <testcase name="test_with_question_mark" classname="wordcounter.WordCounterTest" time="0.001"/>
  <testcase name="test_simple_sentence_with_uppercase" classname="wordcounter.WordCounterTest" time="0"/>
</testsuite>